<?xml version="1.0" encoding="UTF-8"?>
<!-- Generated by org.testng.reporters.JUnitXMLReporter -->
<testsuite hostname="DESKTOP-DI72H8P" ignored="0" name="Command line test" tests="1" failures="1" timestamp="15 Aug 2018 06:55:49 GMT" time="0.035" errors="0">
  <testcase name="launchBrowser" time="0.0" classname="com.spinportal.admin.testscript.TestLoginPage">
    <failure type="org.testng.TestNGException" message="
Parameter &amp;apos;browser&amp;apos; is required by @Test on method launchBrowser but has not been marked @Optional or defined
">
      <![CDATA[org.testng.TestNGException: 
Parameter 'browser' is required by @Test on method launchBrowser but has not been marked @Optional or defined

... Removed 32 stack frames]]>
    </failure>
  </testcase> <!-- launchBrowser -->
</testsuite> <!-- Command line test -->
